time="2026-03-19T22:06:57+01:00" level=warning msg="The \"NEXT_PUBLIC_SUPABASE_URL\" variable is not set. Defaulting to a blank string."
time="2026-03-19T22:06:57+01:00" level=warning msg="The \"NEXT_PUBLIC_SUPABASE_ANON_KEY\" variable is not set. Defaulting to a blank string."
time="2026-03-19T22:06:57+01:00" level=warning msg="C:\\Users\\Maxime\\Documents\\Document_Web\\Hobby\\idle-game\\docker-compose.yml: the attribute `version` is obsolete, it will be ignored, please remove it to avoid potential confusion"
#1 [internal] load local bake definitions
#1 reading from stdin 566B 0.0s done
#1 DONE 0.0s

#2 [internal] load build definition from Dockerfile
#2 transferring dockerfile: 1.37kB done
#2 DONE 0.0s

#3 [internal] load metadata for docker.io/library/node:20-alpine
#3 DONE 0.2s

#4 [internal] load .dockerignore
#4 transferring context: 141B done
#4 DONE 0.0s

#5 [base 1/1] FROM docker.io/library/node:20-alpine@sha256:b88333c42c23fbd91596ebd7fd10de239cedab9617de04142dde7315e3bc0afa
#5 resolve docker.io/library/node:20-alpine@sha256:b88333c42c23fbd91596ebd7fd10de239cedab9617de04142dde7315e3bc0afa 0.0s done
#5 DONE 0.0s

#6 [internal] load build context
#6 transferring context: 3.95kB 0.0s done
#6 DONE 0.0s

#7 [builder 1/4] WORKDIR /app
#7 CACHED

#8 [deps 4/4] RUN npm ci
#8 CACHED

#9 [deps 1/4] RUN apk add --no-cache libc6-compat
#9 CACHED

#10 [deps 2/4] WORKDIR /app
#10 CACHED

#11 [deps 3/4] COPY package.json package-lock.json* ./
#11 CACHED

#12 [builder 2/4] COPY --from=deps /app/node_modules ./node_modules
#12 CACHED

#13 [builder 3/4] COPY . .
#13 DONE 0.0s

#14 [builder 4/4] RUN npm run build
#14 0.469 
#14 0.469 > idle-realms@0.1.0 build
#14 0.469 > next build
#14 0.469 
#14 1.021   Ôû▓ Next.js 14.2.35
#14 1.021 
#14 1.031    Creating an optimized production build ...
#14 10.08  Ô£ô Compiled successfully
#14 10.08    Linting and checking validity of types ...
#14 13.89 Failed to compile.
#14 13.89 
#14 13.89 ./components/game/CombatPanel.tsx:153:63
#14 13.89 Type error: Property 'rarity' does not exist on type 'MonsterData'.
#14 13.89 
#14 13.89 [0m [90m 151 |[39m                   [36mconst[39m isSelected [33m=[39m selectedZoneId [33m===[39m zone[33m.[39mid[33m;[39m[0m
#14 13.89 [0m [90m 152 |[39m                   [36mconst[39m monsters   [33m=[39m getMonstersInZone(zone[33m.[39mid)[33m;[39m[0m
#14 13.89 [0m[31m[1m>[22m[39m[90m 153 |[39m                   [36mconst[39m regulars   [33m=[39m monsters[33m.[39mfilter((m) [33m=>[39m m[33m.[39mrarity [33m!==[39m [32m"boss"[39m)[33m;[39m[0m
#14 13.89 [0m [90m     |[39m                                                               [31m[1m^[22m[39m[0m
#14 13.89 [0m [90m 154 |[39m                   [36mconst[39m boss       [33m=[39m monsters[33m.[39mfind((m)  [33m=>[39m m[33m.[39mrarity [33m===[39m [32m"boss"[39m)[33m;[39m[0m
#14 13.89 [0m [90m 155 |[39m[0m
#14 13.89 [0m [90m 156 |[39m                   [36mreturn[39m ([0m
#14 13.91 Next.js build worker exited with code: 1 and signal: null
#14 13.92 npm notice
#14 13.92 npm notice New major version of npm available! 10.8.2 -> 11.12.0
#14 13.92 npm notice Changelog: https://github.com/npm/cli/releases/tag/v11.12.0
#14 13.92 npm notice To update run: npm install -g npm@11.12.0
#14 13.92 npm notice
#14 ERROR: process "/bin/sh -c npm run build" did not complete successfully: exit code: 1
------
 > [builder 4/4] RUN npm run build:
13.89 [0m [90m     |[39m                                                               [31m[1m^[22m[39m[0m
13.89 [0m [90m 154 |[39m                   [36mconst[39m boss       [33m=[39m monsters[33m.[39mfind((m)  [33m=>[39m m[33m.[39mrarity [33m===[39m [32m"boss"[39m)[33m;[39m[0m
13.89 [0m [90m 155 |[39m[0m
13.89 [0m [90m 156 |[39m                   [36mreturn[39m ([0m
13.91 Next.js build worker exited with code: 1 and signal: null
13.92 npm notice
13.92 npm notice New major version of npm available! 10.8.2 -> 11.12.0
13.92 npm notice Changelog: https://github.com/npm/cli/releases/tag/v11.12.0
13.92 npm notice To update run: npm install -g npm@11.12.0
13.92 npm notice
------
Dockerfile:23

--------------------

  21 |     ENV NEXT_TELEMETRY_DISABLED 1

  22 |     

  23 | >>> RUN npm run build

  24 |     

  25 |     # Production image, copy all the files and run next

--------------------

failed to solve: process "/bin/sh -c npm run build" did not complete successfully: exit code: 1

